# JRE version: Java(TM) SE Runtime Environment (8.0_201-b09) (build 1.8.0_201-b09)
# Java VM: Java HotSpot(TM) 64-Bit Server VM (25.201-b09 mixed mode windows-amd64 compressed oops)
Heap:
 PSYoungGen      total 242688K, used 221551K [0x00000000d5c00000, 0x00000000f1180000, 0x0000000100000000)
  eden space 164864K, 100% used [0x00000000d5c00000,0x00000000dfd00000,0x00000000dfd00000)
  from space 77824K, 72% used [0x00000000dfd00000,0x00000000e345bc18,0x00000000e4900000)
  to   space 96768K, 0% used [0x00000000eb300000,0x00000000eb300000,0x00000000f1180000)
 ParOldGen       total 476160K, used 475679K [0x0000000081400000, 0x000000009e500000, 0x00000000d5c00000)
  object space 476160K, 99% used [0x0000000081400000,0x000000009e487eb8,0x000000009e500000)
 Metaspace       used 14057K, capacity 14688K, committed 14720K, reserved 1062912K
  class space    used 1961K, capacity 2168K, committed 2176K, reserved 1048576K
GC Heap History (10 events):
Event: 46.760 GC heap after
Heap after GC invocations=2510 (full 2503):
 PSYoungGen      total 242688K, used 221551K [0x00000000d5c00000, 0x00000000f1180000, 0x0000000100000000)
  eden space 164864K, 100% used [0x00000000d5c00000,0x00000000dfd00000,0x00000000dfd00000)
  from space 77824K, 72% used [0x00000000dfd00000,0x00000000e345bc18,0x00000000e4900000)
  to   space 96768K, 0% used [0x00000000eb300000,0x00000000eb300000,0x00000000f1180000)
 ParOldGen       total 476160K, used 475675K [0x0000000081400000, 0x000000009e500000, 0x00000000d5c00000)
  object space 476160K, 99% used [0x0000000081400000,0x000000009e486c40,0x000000009e500000)
 Metaspace       used 14055K, capacity 14688K, committed 14720K, reserved 1062912K
  class space    used 1961K, capacity 2168K, committed 2176K, reserved 1048576K
}
Event: 46.761 GC heap before
{Heap before GC invocations=2511 (full 2504):
 PSYoungGen      total 242688K, used 221551K [0x00000000d5c00000, 0x00000000f1180000, 0x0000000100000000)
  eden space 164864K, 100% used [0x00000000d5c00000,0x00000000dfd00000,0x00000000dfd00000)
  from space 77824K, 72% used [0x00000000dfd00000,0x00000000e345bc18,0x00000000e4900000)
  to   space 96768K, 0% used [0x00000000eb300000,0x00000000eb300000,0x00000000f1180000)
 ParOldGen       total 476160K, used 475678K [0x0000000081400000, 0x000000009e500000, 0x00000000d5c00000)
  object space 476160K, 99% used [0x0000000081400000,0x000000009e487be8,0x000000009e500000)
 Metaspace       used 14055K, capacity 14688K, committed 14720K, reserved 1062912K
  class space    used 1961K, capacity 2168K, committed 2176K, reserved 1048576K
Event: 46.775 GC heap after
Heap after GC invocations=2511 (full 2504):
 PSYoungGen      total 242688K, used 221551K [0x00000000d5c00000, 0x00000000f1180000, 0x0000000100000000)
  eden space 164864K, 100% used [0x00000000d5c00000,0x00000000dfd00000,0x00000000dfd00000)
  from space 77824K, 72% used [0x00000000dfd00000,0x00000000e345bc18,0x00000000e4900000)
  to   space 96768K, 0% used [0x00000000eb300000,0x00000000eb300000,0x00000000f1180000)
 ParOldGen       total 476160K, used 475675K [0x0000000081400000, 0x000000009e500000, 0x00000000d5c00000)
  object space 476160K, 99% used [0x0000000081400000,0x000000009e486cf8,0x000000009e500000)
 Metaspace       used 14055K, capacity 14688K, committed 14720K, reserved 1062912K
  class space    used 1961K, capacity 2168K, committed 2176K, reserved 1048576K
}
Event: 46.775 GC heap before
{Heap before GC invocations=2512 (full 2505):
 PSYoungGen      total 242688K, used 221551K [0x00000000d5c00000, 0x00000000f1180000, 0x0000000100000000)
  eden space 164864K, 100% used [0x00000000d5c00000,0x00000000dfd00000,0x00000000dfd00000)
  from space 77824K, 72% used [0x00000000dfd00000,0x00000000e345bc18,0x00000000e4900000)
  to   space 96768K, 0% used [0x00000000eb300000,0x00000000eb300000,0x00000000f1180000)
 ParOldGen       total 476160K, used 475679K [0x0000000081400000, 0x000000009e500000, 0x00000000d5c00000)
  object space 476160K, 99% used [0x0000000081400000,0x000000009e487e08,0x000000009e500000)
 Metaspace       used 14057K, capacity 14688K, committed 14720K, reserved 1062912K
  class space    used 1961K, capacity 2168K, committed 2176K, reserved 1048576K
Event: 46.791 GC heap after
Heap after GC invocations=2512 (full 2505):
 PSYoungGen      total 242688K, used 221551K [0x00000000d5c00000, 0x00000000f1180000, 0x0000000100000000)
  eden space 164864K, 100% used [0x00000000d5c00000,0x00000000dfd00000,0x00000000dfd00000)
  from space 77824K, 72% used [0x00000000dfd00000,0x00000000e345bc18,0x00000000e4900000)
  to   space 96768K, 0% used [0x00000000eb300000,0x00000000eb300000,0x00000000f1180000)
 ParOldGen       total 476160K, used 475675K [0x0000000081400000, 0x000000009e500000, 0x00000000d5c00000)
  object space 476160K, 99% used [0x0000000081400000,0x000000009e486cf0,0x000000009e500000)
 Metaspace       used 14057K, capacity 14688K, committed 14720K, reserved 1062912K
  class space    used 1961K, capacity 2168K, committed 2176K, reserved 1048576K
}
Event: 46.791 GC heap before
{Heap before GC invocations=2513 (full 2506):
 PSYoungGen      total 242688K, used 221551K [0x00000000d5c00000, 0x00000000f1180000, 0x0000000100000000)
  eden space 164864K, 100% used [0x00000000d5c00000,0x00000000dfd00000,0x00000000dfd00000)
  from space 77824K, 72% used [0x00000000dfd00000,0x00000000e345bc18,0x00000000e4900000)
  to   space 96768K, 0% used [0x00000000eb300000,0x00000000eb300000,0x00000000f1180000)
 ParOldGen       total 476160K, used 475679K [0x0000000081400000, 0x000000009e500000, 0x00000000d5c00000)
  object space 476160K, 99% used [0x0000000081400000,0x000000009e487d70,0x000000009e500000)
 Metaspace       used 14057K, capacity 14688K, committed 14720K, reserved 1062912K
  class space    used 1961K, capacity 2168K, committed 2176K, reserved 1048576K
Event: 46.807 GC heap after
Heap after GC invocations=2513 (full 2506):
 PSYoungGen      total 242688K, used 221551K [0x00000000d5c00000, 0x00000000f1180000, 0x0000000100000000)
  eden space 164864K, 100% used [0x00000000d5c00000,0x00000000dfd00000,0x00000000dfd00000)
  from space 77824K, 72% used [0x00000000dfd00000,0x00000000e345bc18,0x00000000e4900000)
  to   space 96768K, 0% used [0x00000000eb300000,0x00000000eb300000,0x00000000f1180000)
 ParOldGen       total 476160K, used 475675K [0x0000000081400000, 0x000000009e500000, 0x00000000d5c00000)
  object space 476160K, 99% used [0x0000000081400000,0x000000009e486cf8,0x000000009e500000)
 Metaspace       used 14057K, capacity 14688K, committed 14720K, reserved 1062912K
  class space    used 1961K, capacity 2168K, committed 2176K, reserved 1048576K
}
Event: 46.807 GC heap before
{Heap before GC invocations=2514 (full 2507):
 PSYoungGen      total 242688K, used 221551K [0x00000000d5c00000, 0x00000000f1180000, 0x0000000100000000)
  eden space 164864K, 100% used [0x00000000d5c00000,0x00000000dfd00000,0x00000000dfd00000)
  from space 77824K, 72% used [0x00000000dfd00000,0x00000000e345bc18,0x00000000e4900000)
  to   space 96768K, 0% used [0x00000000eb300000,0x00000000eb300000,0x00000000f1180000)
 ParOldGen       total 476160K, used 475679K [0x0000000081400000, 0x000000009e500000, 0x00000000d5c00000)
  object space 476160K, 99% used [0x0000000081400000,0x000000009e487f50,0x000000009e500000)
 Metaspace       used 14057K, capacity 14688K, committed 14720K, reserved 1062912K
  class space    used 1961K, capacity 2168K, committed 2176K, reserved 1048576K
Event: 46.825 GC heap after
Heap after GC invocations=2514 (full 2507):
 PSYoungGen      total 242688K, used 221551K [0x00000000d5c00000, 0x00000000f1180000, 0x0000000100000000)
  eden space 164864K, 100% used [0x00000000d5c00000,0x00000000dfd00000,0x00000000dfd00000)
  from space 77824K, 72% used [0x00000000dfd00000,0x00000000e345bc18,0x00000000e4900000)
  to   space 96768K, 0% used [0x00000000eb300000,0x00000000eb300000,0x00000000f1180000)
 ParOldGen       total 476160K, used 475675K [0x0000000081400000, 0x000000009e500000, 0x00000000d5c00000)
  object space 476160K, 99% used [0x0000000081400000,0x000000009e486d40,0x000000009e500000)
 Metaspace       used 14057K, capacity 14688K, committed 14720K, reserved 1062912K
  class space    used 1961K, capacity 2168K, committed 2176K, reserved 1048576K
}
Event: 46.826 GC heap before
{Heap before GC invocations=2515 (full 2508):
 PSYoungGen      total 242688K, used 221551K [0x00000000d5c00000, 0x00000000f1180000, 0x0000000100000000)
  eden space 164864K, 100% used [0x00000000d5c00000,0x00000000dfd00000,0x00000000dfd00000)
  from space 77824K, 72% used [0x00000000dfd00000,0x00000000e345bc18,0x00000000e4900000)
  to   space 96768K, 0% used [0x00000000eb300000,0x00000000eb300000,0x00000000f1180000)
 ParOldGen       total 476160K, used 475679K [0x0000000081400000, 0x000000009e500000, 0x00000000d5c00000)
  object space 476160K, 99% used [0x0000000081400000,0x000000009e487eb8,0x000000009e500000)
 Metaspace       used 14057K, capacity 14688K, committed 14720K, reserved 1062912K
  class space    used 1961K, capacity 2168K, committed 2176K, reserved 1048576K

