# JRE version: Java(TM) SE Runtime Environment (8.0_201-b09) (build 1.8.0_201-b09)
# Java VM: Java HotSpot(TM) 64-Bit Server VM (25.201-b09 mixed mode windows-amd64 compressed oops)
Heap:
 PSYoungGen      total 135680K, used 68407K [0x00000000d5c00000, 0x00000000e1680000, 0x0000000100000000)
  eden space 95744K, 30% used [0x00000000d5c00000,0x00000000d784eea0,0x00000000db980000)
  from space 39936K, 98% used [0x00000000def80000,0x00000000e15fee98,0x00000000e1680000)
  to   space 47616K, 0% used [0x00000000db980000,0x00000000db980000,0x00000000de800000)
 ParOldGen       total 246784K, used 139153K [0x0000000081400000, 0x0000000090500000, 0x00000000d5c00000)
  object space 246784K, 56% used [0x0000000081400000,0x0000000089be4688,0x0000000090500000)
 Metaspace       used 14927K, capacity 15588K, committed 15744K, reserved 1062912K
  class space    used 1976K, capacity 2172K, committed 2176K, reserved 1048576K
GC Heap History (10 events):
Event: 1.481 GC heap before
{Heap before GC invocations=4 (full 0):
 PSYoungGen      total 38400K, used 37838K [0x00000000d5c00000, 0x00000000da700000, 0x0000000100000000)
  eden space 33280K, 98% used [0x00000000d5c00000,0x00000000d7bf4470,0x00000000d7c80000)
  from space 5120K, 99% used [0x00000000d7c80000,0x00000000d817f3e0,0x00000000d8180000)
  to   space 5120K, 0% used [0x00000000da200000,0x00000000da200000,0x00000000da700000)
 ParOldGen       total 87552K, used 55721K [0x0000000081400000, 0x0000000086980000, 0x00000000d5c00000)
  object space 87552K, 63% used [0x0000000081400000,0x0000000084a6a7f8,0x0000000086980000)
 Metaspace       used 9097K, capacity 9554K, committed 9856K, reserved 1058816K
  class space    used 1233K, capacity 1347K, committed 1408K, reserved 1048576K
Event: 1.492 GC heap after
Heap after GC invocations=4 (full 0):
 PSYoungGen      total 71680K, used 5116K [0x00000000d5c00000, 0x00000000da700000, 0x0000000100000000)
  eden space 66560K, 0% used [0x00000000d5c00000,0x00000000d5c00000,0x00000000d9d00000)
  from space 5120K, 99% used [0x00000000da200000,0x00000000da6ff3e0,0x00000000da700000)
  to   space 5120K, 0% used [0x00000000d9d00000,0x00000000d9d00000,0x00000000da200000)
 ParOldGen       total 87552K, used 79036K [0x0000000081400000, 0x0000000086980000, 0x00000000d5c00000)
  object space 87552K, 90% used [0x0000000081400000,0x000000008612f168,0x0000000086980000)
 Metaspace       used 9097K, capacity 9554K, committed 9856K, reserved 1058816K
  class space    used 1233K, capacity 1347K, committed 1408K, reserved 1048576K
}
Event: 1.492 GC heap before
{Heap before GC invocations=5 (full 1):
 PSYoungGen      total 71680K, used 5116K [0x00000000d5c00000, 0x00000000da700000, 0x0000000100000000)
  eden space 66560K, 0% used [0x00000000d5c00000,0x00000000d5c00000,0x00000000d9d00000)
  from space 5120K, 99% used [0x00000000da200000,0x00000000da6ff3e0,0x00000000da700000)
  to   space 5120K, 0% used [0x00000000d9d00000,0x00000000d9d00000,0x00000000da200000)
 ParOldGen       total 87552K, used 79036K [0x0000000081400000, 0x0000000086980000, 0x00000000d5c00000)
  object space 87552K, 90% used [0x0000000081400000,0x000000008612f168,0x0000000086980000)
 Metaspace       used 9097K, capacity 9554K, committed 9856K, reserved 1058816K
  class space    used 1233K, capacity 1347K, committed 1408K, reserved 1048576K
Event: 1.528 GC heap after
Heap after GC invocations=5 (full 1):
 PSYoungGen      total 71680K, used 0K [0x00000000d5c00000, 0x00000000da700000, 0x0000000100000000)
  eden space 66560K, 0% used [0x00000000d5c00000,0x00000000d5c00000,0x00000000d9d00000)
  from space 5120K, 0% used [0x00000000da200000,0x00000000da200000,0x00000000da700000)
  to   space 5120K, 0% used [0x00000000d9d00000,0x00000000d9d00000,0x00000000da200000)
 ParOldGen       total 160256K, used 84000K [0x0000000081400000, 0x000000008b080000, 0x00000000d5c00000)
  object space 160256K, 52% used [0x0000000081400000,0x0000000086608070,0x000000008b080000)
 Metaspace       used 9097K, capacity 9554K, committed 9856K, reserved 1058816K
  class space    used 1233K, capacity 1347K, committed 1408K, reserved 1048576K
}
Event: 1.832 GC heap before
{Heap before GC invocations=6 (full 1):
 PSYoungGen      total 71680K, used 65874K [0x00000000d5c00000, 0x00000000da700000, 0x0000000100000000)
  eden space 66560K, 98% used [0x00000000d5c00000,0x00000000d9c54b08,0x00000000d9d00000)
  from space 5120K, 0% used [0x00000000da200000,0x00000000da200000,0x00000000da700000)
  to   space 5120K, 0% used [0x00000000d9d00000,0x00000000d9d00000,0x00000000da200000)
 ParOldGen       total 160256K, used 84000K [0x0000000081400000, 0x000000008b080000, 0x00000000d5c00000)
  object space 160256K, 52% used [0x0000000081400000,0x0000000086608070,0x000000008b080000)
 Metaspace       used 9101K, capacity 9562K, committed 9856K, reserved 1058816K
  class space    used 1233K, capacity 1347K, committed 1408K, reserved 1048576K
Event: 1.848 GC heap after
Heap after GC invocations=6 (full 1):
 PSYoungGen      total 71680K, used 4491K [0x00000000d5c00000, 0x00000000e1680000, 0x0000000100000000)
  eden space 66560K, 0% used [0x00000000d5c00000,0x00000000d5c00000,0x00000000d9d00000)
  from space 5120K, 87% used [0x00000000d9d00000,0x00000000da162fd0,0x00000000da200000)
  to   space 39936K, 0% used [0x00000000def80000,0x00000000def80000,0x00000000e1680000)
 ParOldGen       total 160256K, used 128063K [0x0000000081400000, 0x000000008b080000, 0x00000000d5c00000)
  object space 160256K, 79% used [0x0000000081400000,0x000000008910fc78,0x000000008b080000)
 Metaspace       used 9101K, capacity 9562K, committed 9856K, reserved 1058816K
  class space    used 1233K, capacity 1347K, committed 1408K, reserved 1048576K
}
Event: 1.848 GC heap before
{Heap before GC invocations=7 (full 2):
 PSYoungGen      total 71680K, used 4491K [0x00000000d5c00000, 0x00000000e1680000, 0x0000000100000000)
  eden space 66560K, 0% used [0x00000000d5c00000,0x00000000d5c00000,0x00000000d9d00000)
  from space 5120K, 87% used [0x00000000d9d00000,0x00000000da162fd0,0x00000000da200000)
  to   space 39936K, 0% used [0x00000000def80000,0x00000000def80000,0x00000000e1680000)
 ParOldGen       total 160256K, used 128063K [0x0000000081400000, 0x000000008b080000, 0x00000000d5c00000)
  object space 160256K, 79% used [0x0000000081400000,0x000000008910fc78,0x000000008b080000)
 Metaspace       used 9101K, capacity 9562K, committed 9856K, reserved 1058816K
  class space    used 1233K, capacity 1347K, committed 1408K, reserved 1048576K
Event: 1.880 GC heap after
Heap after GC invocations=7 (full 2):
 PSYoungGen      total 71680K, used 0K [0x00000000d5c00000, 0x00000000e1680000, 0x0000000100000000)
  eden space 66560K, 0% used [0x00000000d5c00000,0x00000000d5c00000,0x00000000d9d00000)
  from space 5120K, 0% used [0x00000000d9d00000,0x00000000d9d00000,0x00000000da200000)
  to   space 39936K, 0% used [0x00000000def80000,0x00000000def80000,0x00000000e1680000)
 ParOldGen       total 246784K, used 131672K [0x0000000081400000, 0x0000000090500000, 0x00000000d5c00000)
  object space 246784K, 53% used [0x0000000081400000,0x0000000089496260,0x0000000090500000)
 Metaspace       used 9101K, capacity 9562K, committed 9856K, reserved 1058816K
  class space    used 1233K, capacity 1347K, committed 1408K, reserved 1048576K
}
Event: 2.273 GC heap before
{Heap before GC invocations=8 (full 2):
 PSYoungGen      total 71680K, used 66560K [0x00000000d5c00000, 0x00000000e1680000, 0x0000000100000000)
  eden space 66560K, 100% used [0x00000000d5c00000,0x00000000d9d00000,0x00000000d9d00000)
  from space 5120K, 0% used [0x00000000d9d00000,0x00000000d9d00000,0x00000000da200000)
  to   space 39936K, 0% used [0x00000000def80000,0x00000000def80000,0x00000000e1680000)
 ParOldGen       total 246784K, used 131672K [0x0000000081400000, 0x0000000090500000, 0x00000000d5c00000)
  object space 246784K, 53% used [0x0000000081400000,0x0000000089496260,0x0000000090500000)
 Metaspace       used 10337K, capacity 10778K, committed 11136K, reserved 1058816K
  class space    used 1451K, capacity 1575K, committed 1664K, reserved 1048576K
Event: 2.289 GC heap after
Heap after GC invocations=8 (full 2):
 PSYoungGen      total 135680K, used 39419K [0x00000000d5c00000, 0x00000000e1680000, 0x0000000100000000)
  eden space 95744K, 0% used [0x00000000d5c00000,0x00000000d5c00000,0x00000000db980000)
  from space 39936K, 98% used [0x00000000def80000,0x00000000e15fee98,0x00000000e1680000)
  to   space 47616K, 0% used [0x00000000db980000,0x00000000db980000,0x00000000de800000)
 ParOldGen       total 246784K, used 139153K [0x0000000081400000, 0x0000000090500000, 0x00000000d5c00000)
  object space 246784K, 56% used [0x0000000081400000,0x0000000089be4688,0x0000000090500000)
 Metaspace       used 10337K, capacity 10778K, committed 11136K, reserved 1058816K
  class space    used 1451K, capacity 1575K, committed 1664K, reserved 1048576K
}

