# JRE version: Java(TM) SE Runtime Environment (8.0_201-b09) (build 1.8.0_201-b09)
# Java VM: Java HotSpot(TM) 64-Bit Server VM (25.201-b09 mixed mode windows-amd64 compressed oops)
Heap:
 PSYoungGen      total 247808K, used 171684K [0x00000000d5c00000, 0x00000000ebf00000, 0x0000000100000000)
  eden space 171008K, 56% used [0x00000000d5c00000,0x00000000dba1eac8,0x00000000e0300000)
  from space 76800K, 98% used [0x00000000e5a80000,0x00000000ea40a5e8,0x00000000ea580000)
  to   space 89600K, 0% used [0x00000000e0300000,0x00000000e0300000,0x00000000e5a80000)
 ParOldGen       total 544768K, used 544675K [0x0000000081400000, 0x00000000a2800000, 0x00000000d5c00000)
  object space 544768K, 99% used [0x0000000081400000,0x00000000a27e8d50,0x00000000a2800000)
 Metaspace       used 13709K, capacity 14294K, committed 14464K, reserved 1060864K
  class space    used 1890K, capacity 2073K, committed 2176K, reserved 1048576K
GC Heap History (10 events):
Event: 2.287 GC heap before
{Heap before GC invocations=11 (full 3):
 PSYoungGen      total 137216K, used 127452K [0x00000000d5c00000, 0x00000000e5680000, 0x0000000100000000)
  eden space 92672K, 99% used [0x00000000d5c00000,0x00000000db620830,0x00000000db680000)
  from space 44544K, 78% used [0x00000000db680000,0x00000000dd8d6940,0x00000000de200000)
  to   space 54784K, 0% used [0x00000000e2100000,0x00000000e2100000,0x00000000e5680000)
 ParOldGen       total 399360K, used 259419K [0x0000000081400000, 0x0000000099a00000, 0x00000000d5c00000)
  object space 399360K, 64% used [0x0000000081400000,0x0000000091156f20,0x0000000099a00000)
 Metaspace       used 9119K, capacity 9554K, committed 9856K, reserved 1058816K
  class space    used 1235K, capacity 1347K, committed 1408K, reserved 1048576K
Event: 2.322 GC heap after
Heap after GC invocations=11 (full 3):
 PSYoungGen      total 191488K, used 53839K [0x00000000d5c00000, 0x00000000e6c00000, 0x0000000100000000)
  eden space 136704K, 0% used [0x00000000d5c00000,0x00000000d5c00000,0x00000000de180000)
  from space 54784K, 98% used [0x00000000e2100000,0x00000000e5593f30,0x00000000e5680000)
  to   space 65024K, 0% used [0x00000000de180000,0x00000000de180000,0x00000000e2100000)
 ParOldGen       total 399360K, used 323873K [0x0000000081400000, 0x0000000099a00000, 0x00000000d5c00000)
  object space 399360K, 81% used [0x0000000081400000,0x00000000950487c0,0x0000000099a00000)
 Metaspace       used 9119K, capacity 9554K, committed 9856K, reserved 1058816K
  class space    used 1235K, capacity 1347K, committed 1408K, reserved 1048576K
}
Event: 2.322 GC heap before
{Heap before GC invocations=12 (full 4):
 PSYoungGen      total 191488K, used 53839K [0x00000000d5c00000, 0x00000000e6c00000, 0x0000000100000000)
  eden space 136704K, 0% used [0x00000000d5c00000,0x00000000d5c00000,0x00000000de180000)
  from space 54784K, 98% used [0x00000000e2100000,0x00000000e5593f30,0x00000000e5680000)
  to   space 65024K, 0% used [0x00000000de180000,0x00000000de180000,0x00000000e2100000)
 ParOldGen       total 399360K, used 323873K [0x0000000081400000, 0x0000000099a00000, 0x00000000d5c00000)
  object space 399360K, 81% used [0x0000000081400000,0x00000000950487c0,0x0000000099a00000)
 Metaspace       used 9119K, capacity 9554K, committed 9856K, reserved 1058816K
  class space    used 1235K, capacity 1347K, committed 1408K, reserved 1048576K
Event: 2.358 GC heap after
Heap after GC invocations=12 (full 4):
 PSYoungGen      total 191488K, used 0K [0x00000000d5c00000, 0x00000000e6c00000, 0x0000000100000000)
  eden space 136704K, 0% used [0x00000000d5c00000,0x00000000d5c00000,0x00000000de180000)
  from space 54784K, 0% used [0x00000000e2100000,0x00000000e2100000,0x00000000e5680000)
  to   space 65024K, 0% used [0x00000000de180000,0x00000000de180000,0x00000000e2100000)
 ParOldGen       total 544768K, used 376661K [0x0000000081400000, 0x00000000a2800000, 0x00000000d5c00000)
  object space 544768K, 69% used [0x0000000081400000,0x00000000983d57e0,0x00000000a2800000)
 Metaspace       used 9119K, capacity 9554K, committed 9856K, reserved 1058816K
  class space    used 1235K, capacity 1347K, committed 1408K, reserved 1048576K
}
Event: 2.675 GC heap before
{Heap before GC invocations=13 (full 4):
 PSYoungGen      total 191488K, used 136416K [0x00000000d5c00000, 0x00000000e6c00000, 0x0000000100000000)
  eden space 136704K, 99% used [0x00000000d5c00000,0x00000000de1382d0,0x00000000de180000)
  from space 54784K, 0% used [0x00000000e2100000,0x00000000e2100000,0x00000000e5680000)
  to   space 65024K, 0% used [0x00000000de180000,0x00000000de180000,0x00000000e2100000)
 ParOldGen       total 544768K, used 376661K [0x0000000081400000, 0x00000000a2800000, 0x00000000d5c00000)
  object space 544768K, 69% used [0x0000000081400000,0x00000000983d57e0,0x00000000a2800000)
 Metaspace       used 9138K, capacity 9562K, committed 9856K, reserved 1058816K
  class space    used 1235K, capacity 1347K, committed 1408K, reserved 1048576K
Event: 2.708 GC heap after
Heap after GC invocations=13 (full 4):
 PSYoungGen      total 201728K, used 64646K [0x00000000d5c00000, 0x00000000ea580000, 0x0000000100000000)
  eden space 136704K, 0% used [0x00000000d5c00000,0x00000000d5c00000,0x00000000de180000)
  from space 65024K, 99% used [0x00000000de180000,0x00000000e20a18a0,0x00000000e2100000)
  to   space 76800K, 0% used [0x00000000e5a80000,0x00000000e5a80000,0x00000000ea580000)
 ParOldGen       total 544768K, used 435264K [0x0000000081400000, 0x00000000a2800000, 0x00000000d5c00000)
  object space 544768K, 79% used [0x0000000081400000,0x000000009bd102a0,0x00000000a2800000)
 Metaspace       used 9138K, capacity 9562K, committed 9856K, reserved 1058816K
  class space    used 1235K, capacity 1347K, committed 1408K, reserved 1048576K
}
Event: 3.145 GC heap before
{Heap before GC invocations=14 (full 4):
 PSYoungGen      total 201728K, used 201038K [0x00000000d5c00000, 0x00000000ea580000, 0x0000000100000000)
  eden space 136704K, 99% used [0x00000000d5c00000,0x00000000de132018,0x00000000de180000)
  from space 65024K, 99% used [0x00000000de180000,0x00000000e20a18a0,0x00000000e2100000)
  to   space 76800K, 0% used [0x00000000e5a80000,0x00000000e5a80000,0x00000000ea580000)
 ParOldGen       total 544768K, used 435264K [0x0000000081400000, 0x00000000a2800000, 0x00000000d5c00000)
  object space 544768K, 79% used [0x0000000081400000,0x000000009bd102a0,0x00000000a2800000)
 Metaspace       used 9161K, capacity 9562K, committed 9856K, reserved 1058816K
  class space    used 1235K, capacity 1347K, committed 1408K, reserved 1048576K
Event: 3.201 GC heap after
Heap after GC invocations=14 (full 4):
 PSYoungGen      total 247808K, used 76429K [0x00000000d5c00000, 0x00000000ebf00000, 0x0000000100000000)
  eden space 171008K, 0% used [0x00000000d5c00000,0x00000000d5c00000,0x00000000e0300000)
  from space 76800K, 99% used [0x00000000e5a80000,0x00000000ea523460,0x00000000ea580000)
  to   space 89600K, 0% used [0x00000000e0300000,0x00000000e0300000,0x00000000e5a80000)
 ParOldGen       total 544768K, used 544649K [0x0000000081400000, 0x00000000a2800000, 0x00000000d5c00000)
  object space 544768K, 99% used [0x0000000081400000,0x00000000a27e25a0,0x00000000a2800000)
 Metaspace       used 9161K, capacity 9562K, committed 9856K, reserved 1058816K
  class space    used 1235K, capacity 1347K, committed 1408K, reserved 1048576K
}
Event: 3.201 GC heap before
{Heap before GC invocations=15 (full 5):
 PSYoungGen      total 247808K, used 76429K [0x00000000d5c00000, 0x00000000ebf00000, 0x0000000100000000)
  eden space 171008K, 0% used [0x00000000d5c00000,0x00000000d5c00000,0x00000000e0300000)
  from space 76800K, 99% used [0x00000000e5a80000,0x00000000ea523460,0x00000000ea580000)
  to   space 89600K, 0% used [0x00000000e0300000,0x00000000e0300000,0x00000000e5a80000)
 ParOldGen       total 544768K, used 544649K [0x0000000081400000, 0x00000000a2800000, 0x00000000d5c00000)
  object space 544768K, 99% used [0x0000000081400000,0x00000000a27e25a0,0x00000000a2800000)
 Metaspace       used 9161K, capacity 9562K, committed 9856K, reserved 1058816K
  class space    used 1235K, capacity 1347K, committed 1408K, reserved 1048576K
Event: 3.316 GC heap after
Heap after GC invocations=15 (full 5):
 PSYoungGen      total 247808K, used 75305K [0x00000000d5c00000, 0x00000000ebf00000, 0x0000000100000000)
  eden space 171008K, 0% used [0x00000000d5c00000,0x00000000d5c00000,0x00000000e0300000)
  from space 76800K, 98% used [0x00000000e5a80000,0x00000000ea40a5e8,0x00000000ea580000)
  to   space 89600K, 0% used [0x00000000e0300000,0x00000000e0300000,0x00000000e5a80000)
 ParOldGen       total 544768K, used 544675K [0x0000000081400000, 0x00000000a2800000, 0x00000000d5c00000)
  object space 544768K, 99% used [0x0000000081400000,0x00000000a27e8d50,0x00000000a2800000)
 Metaspace       used 9161K, capacity 9562K, committed 9856K, reserved 1058816K
  class space    used 1235K, capacity 1347K, committed 1408K, reserved 1048576K
}

